<?xml version="1.0" encoding="UTF-8"?>
<testsuite name="agh.ics.oop.SimulationTest" tests="1" skipped="0" failures="0" errors="0" timestamp="2024-11-07T11:09:41" hostname="Jakubs-Air.mshome.net" time="0.01">
  <properties/>
  <testcase name="optionsParserWorks()" classname="agh.ics.oop.SimulationTest" time="0.01"/>
  <system-out><![CDATA[]]></system-out>
  <system-err><![CDATA[]]></system-err>
</testsuite>
