<?xml version="1.0" encoding="UTF-8"?>
<testsuite name="agh.ics.oop.model.Vector2dTest" tests="1" skipped="0" failures="0" errors="0" timestamp="2024-11-06T11:07:24" hostname="Jakubs-MacBook-Air.local" time="0.007">
  <properties/>
  <testcase name="opposite()" classname="agh.ics.oop.model.Vector2dTest" time="0.007"/>
  <system-out><![CDATA[]]></system-out>
  <system-err><![CDATA[]]></system-err>
</testsuite>
